<?xml version="1.0" encoding="UTF-8"?>
<!-- Generated by org.testng.reporters.JUnitReportReporter -->
<testsuite hostname="abraham-PC" name="com.vcentry.tnstc.testcases.RegPageTest" tests="4" failures="0" timestamp="10 Aug 2019 11:11:56 GMT" time="38.812" errors="0">
  <testcase name="validateRegPage" time="2.418" classname="com.vcentry.tnstc.testcases.RegPageTest"/>
  <testcase name="validateRegPage" time="2.512" classname="com.vcentry.tnstc.testcases.RegPageTest"/>
  <testcase name="validateRegPage" time="3.347" classname="com.vcentry.tnstc.testcases.RegPageTest"/>
  <testcase name="validateRegPage" time="30.535" classname="com.vcentry.tnstc.testcases.RegPageTest"/>
</testsuite> <!-- com.vcentry.tnstc.testcases.RegPageTest -->
