<?xml version="1.0" encoding="UTF-8"?>
<!-- Generated by org.testng.reporters.JUnitReportReporter -->
<testsuite hostname="abraham-PC" name="com.vcentry.tnstc.temp.ReportTest" tests="3" failures="0" timestamp="4 Aug 2019 13:00:16 GMT" time="112.245" errors="0">
  <testcase name="duplicatelogin" time="48.293" classname="com.vcentry.tnstc.temp.ReportTest"/>
  <testcase name="validlogin" time="26.879" classname="com.vcentry.tnstc.temp.ReportTest"/>
  <testcase name="invalidlogin" time="37.073" classname="com.vcentry.tnstc.temp.ReportTest"/>
</testsuite> <!-- com.vcentry.tnstc.temp.ReportTest -->
